<?xml version="1.0" encoding="UTF-8"?>
<testsuite name="t2j-err.core-test" errors="1" failures="0" tests="1" time="0.0557" timestamp="2017-06-02_20:31:53-0400">
    <testcase name="a-test-creates-reflection-warning" classname="t2j-err.core-test" time="0.0493">
    <error message="In file core_test.clj at line 6:">expected: (= &quot;0&quot; (eval (quote (.toString 0))))
  actual: clojure.lang.Compiler$CompilerException: clojure.lang.ArityException: Wrong number of args (4) passed to: core/apply-junit-output-hook/fn--253/fn--254, compiling:(/private/var/folders/nl/yyfnbrm528v6chs3t_grg7qh0000gp/T/form-init4255135209920479730.clj:6:21)
 at clojure.lang.Compiler.analyzeSeq (Compiler.java:6875)
    clojure.lang.Compiler.analyze (Compiler.java:6669)
    clojure.lang.Compiler.analyze (Compiler.java:6625)
    clojure.lang.Compiler$BodyExpr$Parser.parse (Compiler.java:6001)
    clojure.lang.Compiler$FnMethod.parse (Compiler.java:5380)
    clojure.lang.Compiler$FnExpr.parse (Compiler.java:3972)
    clojure.lang.Compiler.analyzeSeq (Compiler.java:6866)
    clojure.lang.Compiler.analyze (Compiler.java:6669)
    clojure.lang.Compiler.eval (Compiler.java:6924)
    clojure.lang.Compiler.eval (Compiler.java:6890)
    clojure.core$eval.invokeStatic (core.clj:3105)
    clojure.core$eval.invoke (core.clj:3101)
    t2j_err.core_test$fn__486.invokeStatic (core_test.clj:6)
    t2j_err.core_test/fn (core_test.clj:4)
    clojure.test$test_var$fn__7983.invoke (test.clj:716)
    clojure.test$test_var.invokeStatic (test.clj:716)
    clojure.test$test_var.invoke (test.clj:707)
    clojure.test$test_vars$fn__8005$fn__8010.invoke (test.clj:734)
    clojure.test$default_fixture.invokeStatic (test.clj:686)
    clojure.test$default_fixture.invoke (test.clj:682)
    clojure.test$test_vars$fn__8005.invoke (test.clj:734)
    clojure.test$default_fixture.invokeStatic (test.clj:686)
    clojure.test$default_fixture.invoke (test.clj:682)
    clojure.test$test_vars.invokeStatic (test.clj:730)
    clojure.test$test_all_vars.invokeStatic (test.clj:736)
    clojure.test$test_ns.invokeStatic (test.clj:757)
    clojure.test$test_ns.invoke (test.clj:742)
    clojure.lang.AFn.applyToHelper (AFn.java:154)
    clojure.lang.AFn.applyTo (AFn.java:144)
    clojure.core$apply.invokeStatic (core.clj:646)
    clojure.core$apply.invoke (core.clj:641)
    test2junit.core$apply_junit_output_hook$fn__253$fn__264$fn__275$fn__276.invoke (core.clj:53)
    test2junit.core$apply_junit_output_hook$fn__253$fn__264$fn__275.invoke (core.clj:52)
    test2junit.core$apply_junit_output_hook$fn__253$fn__264.invoke (core.clj:51)
    test2junit.core$apply_junit_output_hook$fn__253.doInvoke (core.clj:51)
    clojure.lang.RestFn.applyTo (RestFn.java:139)
    clojure.core$apply.invokeStatic (core.clj:648)
    clojure.core$apply.invoke (core.clj:641)
    robert.hooke$compose_hooks$fn__31.doInvoke (hooke.clj:40)
    clojure.lang.RestFn.applyTo (RestFn.java:137)
    clojure.core$apply.invokeStatic (core.clj:646)
    clojure.core$apply.invoke (core.clj:641)
    robert.hooke$run_hooks.invokeStatic (hooke.clj:46)
    robert.hooke$run_hooks.invoke (hooke.clj:45)
    robert.hooke$prepare_for_hooks$fn__36$fn__37.doInvoke (hooke.clj:54)
    clojure.lang.RestFn.applyTo (RestFn.java:137)
    clojure.lang.AFunction$1.doInvoke (AFunction.java:29)
    clojure.lang.RestFn.invoke (RestFn.java:408)
    clojure.core$map$fn__4785.invoke (core.clj:2646)
    clojure.lang.LazySeq.sval (LazySeq.java:40)
    clojure.lang.LazySeq.seq (LazySeq.java:49)
    clojure.lang.Cons.next (Cons.java:39)
    clojure.lang.RT.boundedLength (RT.java:1749)
    clojure.lang.RestFn.applyTo (RestFn.java:130)
    clojure.core$apply.invokeStatic (core.clj:648)
    clojure.test$run_tests.invokeStatic (test.clj:767)
    clojure.test$run_tests.doInvoke (test.clj:767)
    clojure.lang.RestFn.applyTo (RestFn.java:137)
    clojure.core$apply.invokeStatic (core.clj:646)
    clojure.core$apply.invoke (core.clj:641)
    user$eval377$fn__436$fn__467.invoke (form-init4255135209920479730.clj:1)
    user$eval377$fn__436$fn__437.invoke (form-init4255135209920479730.clj:1)
    user$eval377$fn__436.invoke (form-init4255135209920479730.clj:1)
    user$eval377.invokeStatic (form-init4255135209920479730.clj:1)
    user$eval377.invoke (form-init4255135209920479730.clj:1)
    clojure.lang.Compiler.eval (Compiler.java:6927)
    clojure.lang.Compiler.eval (Compiler.java:6917)
    clojure.lang.Compiler.load (Compiler.java:7379)
    clojure.lang.Compiler.loadFile (Compiler.java:7317)
    clojure.main$load_script.invokeStatic (main.clj:275)
    clojure.main$init_opt.invokeStatic (main.clj:277)
    clojure.main$init_opt.invoke (main.clj:277)
    clojure.main$initialize.invokeStatic (main.clj:308)
    clojure.main$null_opt.invokeStatic (main.clj:342)
    clojure.main$null_opt.invoke (main.clj:339)
    clojure.main$main.invokeStatic (main.clj:421)
    clojure.main$main.doInvoke (main.clj:384)
    clojure.lang.RestFn.invoke (RestFn.java:421)
    clojure.lang.Var.invoke (Var.java:383)
    clojure.lang.AFn.applyToHelper (AFn.java:156)
    clojure.lang.Var.applyTo (Var.java:700)
    clojure.main.main (main.java:37)
Caused by: clojure.lang.ArityException: Wrong number of args (4) passed to: core/apply-junit-output-hook/fn--253/fn--254
 at clojure.lang.AFn.throwArity (AFn.java:429)
    clojure.lang.AFn.invoke (AFn.java:44)
    test2junit.core.proxy$java.io.StringWriter$ff19274a.write (:-1)
    java.io.PrintWriter.write (PrintWriter.java:456)
    java.io.PrintWriter.write (PrintWriter.java:473)
    java.io.PrintWriter.append (PrintWriter.java:1004)
    java.io.PrintWriter.append (PrintWriter.java:56)
    java.util.Formatter$FixedString.print (Formatter.java:2595)
    java.util.Formatter.format (Formatter.java:2508)
    java.io.PrintWriter.format (PrintWriter.java:905)
    clojure.lang.Compiler$InstanceFieldExpr.&lt;init&gt; (Compiler.java:1157)
    clojure.lang.Compiler$HostExpr$Parser.parse (Compiler.java:998)
    clojure.lang.Compiler.analyzeSeq (Compiler.java:6868)
    clojure.lang.Compiler.analyze (Compiler.java:6669)
    clojure.lang.Compiler.analyze (Compiler.java:6625)
    clojure.lang.Compiler$BodyExpr$Parser.parse (Compiler.java:6001)
    clojure.lang.Compiler$FnMethod.parse (Compiler.java:5380)
    clojure.lang.Compiler$FnExpr.parse (Compiler.java:3972)
    clojure.lang.Compiler.analyzeSeq (Compiler.java:6866)
    clojure.lang.Compiler.analyze (Compiler.java:6669)
    clojure.lang.Compiler.eval (Compiler.java:6924)
    clojure.lang.Compiler.eval (Compiler.java:6890)
    clojure.core$eval.invokeStatic (core.clj:3105)
    clojure.core$eval.invoke (core.clj:3101)
    t2j_err.core_test$fn__486.invokeStatic (core_test.clj:6)
    t2j_err.core_test/fn (core_test.clj:4)
    clojure.test$test_var$fn__7983.invoke (test.clj:716)
    clojure.test$test_var.invokeStatic (test.clj:716)
    clojure.test$test_var.invoke (test.clj:707)
    clojure.test$test_vars$fn__8005$fn__8010.invoke (test.clj:734)
    clojure.test$default_fixture.invokeStatic (test.clj:686)
    clojure.test$default_fixture.invoke (test.clj:682)
    clojure.test$test_vars$fn__8005.invoke (test.clj:734)
    clojure.test$default_fixture.invokeStatic (test.clj:686)
    clojure.test$default_fixture.invoke (test.clj:682)
    clojure.test$test_vars.invokeStatic (test.clj:730)
    clojure.test$test_all_vars.invokeStatic (test.clj:736)
    clojure.test$test_ns.invokeStatic (test.clj:757)
    clojure.test$test_ns.invoke (test.clj:742)
    clojure.lang.AFn.applyToHelper (AFn.java:154)
    clojure.lang.AFn.applyTo (AFn.java:144)
    clojure.core$apply.invokeStatic (core.clj:646)
    clojure.core$apply.invoke (core.clj:641)
    test2junit.core$apply_junit_output_hook$fn__253$fn__264$fn__275$fn__276.invoke (core.clj:53)
    test2junit.core$apply_junit_output_hook$fn__253$fn__264$fn__275.invoke (core.clj:52)
    test2junit.core$apply_junit_output_hook$fn__253$fn__264.invoke (core.clj:51)
    test2junit.core$apply_junit_output_hook$fn__253.doInvoke (core.clj:51)
    clojure.lang.RestFn.applyTo (RestFn.java:139)
    clojure.core$apply.invokeStatic (core.clj:648)
    clojure.core$apply.invoke (core.clj:641)
    robert.hooke$compose_hooks$fn__31.doInvoke (hooke.clj:40)
    clojure.lang.RestFn.applyTo (RestFn.java:137)
    clojure.core$apply.invokeStatic (core.clj:646)
    clojure.core$apply.invoke (core.clj:641)
    robert.hooke$run_hooks.invokeStatic (hooke.clj:46)
    robert.hooke$run_hooks.invoke (hooke.clj:45)
    robert.hooke$prepare_for_hooks$fn__36$fn__37.doInvoke (hooke.clj:54)
    clojure.lang.RestFn.applyTo (RestFn.java:137)
    clojure.lang.AFunction$1.doInvoke (AFunction.java:29)
    clojure.lang.RestFn.invoke (RestFn.java:408)
    clojure.core$map$fn__4785.invoke (core.clj:2646)
    clojure.lang.LazySeq.sval (LazySeq.java:40)
    clojure.lang.LazySeq.seq (LazySeq.java:49)
    clojure.lang.Cons.next (Cons.java:39)
    clojure.lang.RT.boundedLength (RT.java:1749)
    clojure.lang.RestFn.applyTo (RestFn.java:130)
    clojure.core$apply.invokeStatic (core.clj:648)
    clojure.test$run_tests.invokeStatic (test.clj:767)
    clojure.test$run_tests.doInvoke (test.clj:767)
    clojure.lang.RestFn.applyTo (RestFn.java:137)
    clojure.core$apply.invokeStatic (core.clj:646)
    clojure.core$apply.invoke (core.clj:641)
    user$eval377$fn__436$fn__467.invoke (form-init4255135209920479730.clj:1)
    user$eval377$fn__436$fn__437.invoke (form-init4255135209920479730.clj:1)
    user$eval377$fn__436.invoke (form-init4255135209920479730.clj:1)
    user$eval377.invokeStatic (form-init4255135209920479730.clj:1)
    user$eval377.invoke (form-init4255135209920479730.clj:1)
    clojure.lang.Compiler.eval (Compiler.java:6927)
    clojure.lang.Compiler.eval (Compiler.java:6917)
    clojure.lang.Compiler.load (Compiler.java:7379)
    clojure.lang.Compiler.loadFile (Compiler.java:7317)
    clojure.main$load_script.invokeStatic (main.clj:275)
    clojure.main$init_opt.invokeStatic (main.clj:277)
    clojure.main$init_opt.invoke (main.clj:277)
    clojure.main$initialize.invokeStatic (main.clj:308)
    clojure.main$null_opt.invokeStatic (main.clj:342)
    clojure.main$null_opt.invoke (main.clj:339)
    clojure.main$main.invokeStatic (main.clj:421)
    clojure.main$main.doInvoke (main.clj:384)
    clojure.lang.RestFn.invoke (RestFn.java:421)
    clojure.lang.Var.invoke (Var.java:383)
    clojure.lang.AFn.applyToHelper (AFn.java:156)
    clojure.lang.Var.applyTo (Var.java:700)
    clojure.main.main (main.java:37)

      at: core_test.clj:6</error>
    </testcase>
    <system-err>
    </system-err>
    <system-out>
    </system-out>
    <properties>
[...]
</properties>
</testsuite>
